<?xml version="1.0" encoding="UTF-8"?>
<!-- Generated by org.testng.reporters.JUnitXMLReporter -->
<testsuite ignored="0" hostname="DESKTOP-QIQGLAR" failures="0" tests="5" name="Default test" time="0.124" errors="0" timestamp="2023-01-21T14:45:20 IST">
  <testcase classname="testng.Practice" name="g" time="0.01"/>
  <testcase classname="testng.Practice" name="h" time="0.002"/>
  <testcase classname="testng.Practice" name="b" time="0.004"/>
  <testcase classname="testng.Practice" name="p" time="0.008"/>
  <testcase classname="testng.Practice" name="z" time="0.002"/>
</testsuite> <!-- Default test -->
