<?xml version="1.0" encoding="UTF-8"?>
<testng-results ignored="0" total="5" passed="5" failed="0" skipped="0">
  <reporter-output>
    <line>
      <![CDATA[g]]>
    </line>
    <line>
      <![CDATA[h]]>
    </line>
    <line>
      <![CDATA[b]]>
    </line>
    <line>
      <![CDATA[p]]>
    </line>
    <line>
      <![CDATA[z]]>
    </line>
  </reporter-output>
  <suite started-at="2023-01-21T14:45:20 IST" name="Default suite" finished-at="2023-01-21T14:45:20 IST" duration-ms="124">
    <groups>
    </groups>
    <test started-at="2023-01-21T14:45:20 IST" name="Default test" finished-at="2023-01-21T14:45:20 IST" duration-ms="124">
      <class name="testng.Practice">
        <test-method signature="g()[pri:0, instance:testng.Practice@65f095f8]" started-at="2023-01-21T14:45:20 IST" name="g" finished-at="2023-01-21T14:45:20 IST" duration-ms="10" status="PASS">
          <reporter-output>
            <line>
              <![CDATA[g]]>
            </line>
          </reporter-output>
        </test-method> <!-- g -->
        <test-method signature="h()[pri:0, instance:testng.Practice@65f095f8]" started-at="2023-01-21T14:45:20 IST" name="h" finished-at="2023-01-21T14:45:20 IST" duration-ms="2" status="PASS">
          <reporter-output>
            <line>
              <![CDATA[h]]>
            </line>
          </reporter-output>
        </test-method> <!-- h -->
        <test-method signature="b()[pri:1, instance:testng.Practice@65f095f8]" started-at="2023-01-21T14:45:20 IST" name="b" finished-at="2023-01-21T14:45:20 IST" duration-ms="4" status="PASS">
          <reporter-output>
            <line>
              <![CDATA[b]]>
            </line>
          </reporter-output>
        </test-method> <!-- b -->
        <test-method signature="p()[pri:2, instance:testng.Practice@65f095f8]" started-at="2023-01-21T14:45:20 IST" name="p" finished-at="2023-01-21T14:45:20 IST" duration-ms="8" status="PASS">
          <reporter-output>
            <line>
              <![CDATA[p]]>
            </line>
          </reporter-output>
        </test-method> <!-- p -->
        <test-method signature="z()[pri:3, instance:testng.Practice@65f095f8]" started-at="2023-01-21T14:45:20 IST" name="z" finished-at="2023-01-21T14:45:20 IST" duration-ms="2" status="PASS">
          <reporter-output>
            <line>
              <![CDATA[z]]>
            </line>
          </reporter-output>
        </test-method> <!-- z -->
      </class> <!-- testng.Practice -->
    </test> <!-- Default test -->
  </suite> <!-- Default suite -->
</testng-results>
